<?xml version="1.0" encoding="UTF-8"?>
<!-- Generated by org.testng.reporters.JUnitReportReporter -->
<testsuite skipped="0" hostname="DESKTOP-6JJE3KO" name="com.snehal.tests.UniversalBabyTests" tests="3" failures="0" timestamp="01 Jul 2020 11:49:22 GMT" time="4.786" errors="0">
  <testcase name="tc_02_verify_logo_is_Displayed" time="4.530" classname="com.snehal.tests.UniversalBabyTests"/>
  <testcase name="tc_03_verify_babyandkids_tab_present_in_homepage" time="0.062" classname="com.snehal.tests.UniversalBabyTests"/>
  <testcase name="tc_04_verify_previous_Filter_is_Displayed" time="0.194" classname="com.snehal.tests.UniversalBabyTests"/>
</testsuite> <!-- com.snehal.tests.UniversalBabyTests -->
