<?xml version="1.0" encoding="UTF-8"?>
<!-- Generated by org.testng.reporters.JUnitReportReporter -->
<testsuite skipped="0" hostname="Adi" name="com.testing.headerPage.testCases.SignInTests" tests="2" failures="0" timestamp="20 Jun 2020 16:35:36 GMT" time="5.412" errors="0">
  <testcase name="Verify_SignIn_Test" time="4.785" classname="com.testing.headerPage.testCases.SignInTests"/>
  <testcase name="changeMobileNo" time="0.627" classname="com.testing.headerPage.testCases.SignInTests"/>
</testsuite> <!-- com.testing.headerPage.testCases.SignInTests -->
