<?xml version="1.0" encoding="UTF-8"?>
<!-- Generated by org.testng.reporters.JUnitReportReporter -->
<testsuite skipped="0" hostname="Adi" name="com.testing.headerPage.testCases.LogInPageTests" tests="4" failures="0" timestamp="23 Jun 2020 09:30:49 GMT" time="6.662" errors="0">
  <testcase name="verify_PopUP_Close" time="0.952" classname="com.testing.headerPage.testCases.LogInPageTests"/>
  <testcase name="verify_Logo" time="0.334" classname="com.testing.headerPage.testCases.LogInPageTests"/>
  <testcase name="verify_successfull_LogIn" time="2.083" classname="com.testing.headerPage.testCases.LogInPageTests"/>
  <testcase name="verify_Search_product" time="3.293" classname="com.testing.headerPage.testCases.LogInPageTests"/>
</testsuite> <!-- com.testing.headerPage.testCases.LogInPageTests -->
