<?xml version="1.0" encoding="UTF-8"?>
<!-- Generated by org.testng.reporters.JUnitReportReporter -->
<testsuite skipped="0" hostname="Adi" name="com.testing.headerPage.testCases.HeaderPageTests" tests="1" failures="0" timestamp="04 Jun 2020 05:42:43 GMT" time="25.436" errors="0">
  <testcase name="verify_PopUP_Close" time="25.436" classname="com.testing.headerPage.testCases.HeaderPageTests"/>
</testsuite> <!-- com.testing.headerPage.testCases.HeaderPageTests -->
