<?xml version="1.0" encoding="UTF-8"?>
<!-- Generated by org.testng.reporters.JUnitReportReporter -->
<testsuite skipped="0" hostname="Adi" name="com.testing.searchComponent.SearchComponent" tests="1" failures="0" timestamp="25 May 2020 16:59:31 GMT" time="43.519" errors="0">
  <testcase name="searchProd" time="43.519" classname="com.testing.searchComponent.SearchComponent"/>
</testsuite> <!-- com.testing.searchComponent.SearchComponent -->
