<?xml version="1.0" encoding="UTF-8"?>
<!-- Generated by org.testng.reporters.JUnitReportReporter -->
<testsuite skipped="0" hostname="Adi" name="com.testing.headerPage.testCases.LogInPageTests" tests="4" failures="0" timestamp="29 Jun 2020 17:47:20 GMT" time="17.446" errors="0">
  <testcase name="verify_PopUP_Close" time="2.245" classname="com.testing.headerPage.testCases.LogInPageTests"/>
  <testcase name="verify_Logo" time="1.003" classname="com.testing.headerPage.testCases.LogInPageTests"/>
  <testcase name="verify_successfull_LogIn" time="4.090" classname="com.testing.headerPage.testCases.LogInPageTests"/>
  <testcase name="verify_Search_product" time="10.108" classname="com.testing.headerPage.testCases.LogInPageTests"/>
</testsuite> <!-- com.testing.headerPage.testCases.LogInPageTests -->
