<?xml version="1.0" encoding="UTF-8"?>
<!-- Generated by org.testng.reporters.JUnitReportReporter -->
<testsuite skipped="0" hostname="Adi" name="com.testing.headerPage.testCases.LogInPageTests" tests="4" failures="0" timestamp="18 Jun 2020 10:46:11 GMT" time="7.233" errors="0">
  <testcase name="verify_PopUP_Close" time="0.398" classname="com.testing.headerPage.testCases.LogInPageTests"/>
  <testcase name="verify_Logo" time="0.342" classname="com.testing.headerPage.testCases.LogInPageTests"/>
  <testcase name="verify_successfull_LogIn" time="1.462" classname="com.testing.headerPage.testCases.LogInPageTests"/>
  <testcase name="verify_Search_product" time="5.031" classname="com.testing.headerPage.testCases.LogInPageTests"/>
</testsuite> <!-- com.testing.headerPage.testCases.LogInPageTests -->
