<?xml version="1.0" encoding="UTF-8"?>
<!-- Generated by org.testng.reporters.JUnitReportReporter -->
<testsuite skipped="0" hostname="Adi" name="com.testing.headerPage.testCases.OnlyWomenFirstTests" tests="1" failures="0" timestamp="01 Jul 2020 08:08:06 GMT" time="12.850" errors="0">
  <testcase name="verify_women_test" time="12.850" classname="com.testing.headerPage.testCases.OnlyWomenFirstTests"/>
</testsuite> <!-- com.testing.headerPage.testCases.OnlyWomenFirstTests -->
