<?xml version="1.0" encoding="UTF-8"?>
<!-- Generated by org.testng.reporters.JUnitReportReporter -->
<testsuite skipped="0" hostname="Adi" name="com.testing.headerPage.testCases.OnlyWomenFirstTests" tests="2" failures="0" timestamp="05 Jul 2020 11:48:43 GMT" time="11.182" errors="0">
  <testcase name="verify_Women_Saree_Selected" time="2.354" classname="com.testing.headerPage.testCases.OnlyWomenFirstTests"/>
  <testcase name="verify_Flipkart_Assured_CheckBox" time="8.828" classname="com.testing.headerPage.testCases.OnlyWomenFirstTests"/>
</testsuite> <!-- com.testing.headerPage.testCases.OnlyWomenFirstTests -->
