<?xml version="1.0" encoding="UTF-8"?>
<!-- Generated by org.testng.reporters.JUnitReportReporter -->
<testsuite skipped="0" hostname="Adi" name="com.testing.headerPage.testCases.SignInTests" tests="2" failures="0" timestamp="30 Jun 2020 08:38:29 GMT" time="7.634" errors="0">
  <testcase name="Verify_SignIn_Test" time="6.999" classname="com.testing.headerPage.testCases.SignInTests"/>
  <testcase name="changeMobileNo" time="0.635" classname="com.testing.headerPage.testCases.SignInTests"/>
</testsuite> <!-- com.testing.headerPage.testCases.SignInTests -->
