<?xml version="1.0" encoding="UTF-8"?>
<!-- Generated by org.testng.reporters.JUnitReportReporter -->
<testsuite skipped="0" hostname="Adi" name="com.testing.headerPage.testCases.AfterLogInTests" tests="1" failures="0" timestamp="23 Jun 2020 09:17:21 GMT" time="1.537" errors="0">
  <testcase name="verify_Click_on_Curties" time="1.537" classname="com.testing.headerPage.testCases.AfterLogInTests"/>
</testsuite> <!-- com.testing.headerPage.testCases.AfterLogInTests -->
