<?xml version="1.0" encoding="UTF-8"?>
<!-- Generated by org.testng.reporters.JUnitReportReporter -->
<testsuite skipped="1" hostname="Adi" name="com.testing.headerPage.testCases.OnlyWomenFirstTests" tests="2" failures="0" timestamp="20 Jun 2020 17:45:44 GMT" time="0.932" errors="0">
  <testcase name="verify_women_test" time="0.932" classname="com.testing.headerPage.testCases.OnlyWomenFirstTests"/>
  <testcase name="verify_Logo_Redirect_To_Homepage" classname="com.testing.headerPage.testCases.OnlyWomenFirstTests">
    <skipped/>
  </testcase> <!-- verify_Logo_Redirect_To_Homepage -->
</testsuite> <!-- com.testing.headerPage.testCases.OnlyWomenFirstTests -->
