<?xml version="1.0" encoding="UTF-8"?>
<!-- Generated by org.testng.reporters.JUnitReportReporter -->
<testsuite skipped="0" hostname="Adi" name="com.testing.searchComponent.SearchComponent" tests="1" failures="0" timestamp="15 Jun 2020 06:03:44 GMT" time="39.745" errors="0">
  <testcase name="searchProd" time="39.745" classname="com.testing.searchComponent.SearchComponent"/>
</testsuite> <!-- com.testing.searchComponent.SearchComponent -->
